error: uncaughtException: listen EADDRINUSE: address already in use :::3000
Error: listen EADDRINUSE: address already in use :::3000
    at Server.setupListenHandle [as _listen2] (net.js:1320:16)
    at listenInCluster (net.js:1368:12)
    at Server.listen (net.js:1454:7)
    at Function.listen (/Users/ashish.saini/EV-Board/ideaboards-backend/node_modules/express/lib/application.js:635:24)
    at Object.<anonymous> (/Users/ashish.saini/EV-Board/ideaboards-backend/build/index.js:39:5)
    at Module._compile (internal/modules/cjs/loader.js:1072:14)
    at Object.Module._extensions..js (internal/modules/cjs/loader.js:1101:10)
    at Module.load (internal/modules/cjs/loader.js:937:32)
    at Function.Module._load (internal/modules/cjs/loader.js:778:12)
    at Function.executeUserEntryPoint [as runMain] (internal/modules/run_main.js:76:12)
    at internal/main/run_main_module.js:17:47 {"date":"Thu Oct 13 2022 11:17:42 GMT+0530 (India Standard Time)","error":{"address":"::","code":"EADDRINUSE","errno":-48,"port":3000,"syscall":"listen"},"exception":true,"os":{"loadavg":[10.8779296875,6.89892578125,4.7236328125],"uptime":518126},"process":{"argv":["/usr/local/bin/node","/Users/ashish.saini/EV-Board/ideaboards-backend/build/index.js"],"cwd":"/Users/ashish.saini/EV-Board/ideaboards-backend","execPath":"/usr/local/bin/node","gid":254699511,"memoryUsage":{"arrayBuffers":18681762,"external":20277585,"heapTotal":36827136,"heapUsed":23253016,"rss":67121152},"pid":48242,"uid":1897316744,"version":"v14.17.6"},"stack":"Error: listen EADDRINUSE: address already in use :::3000\n    at Server.setupListenHandle [as _listen2] (net.js:1320:16)\n    at listenInCluster (net.js:1368:12)\n    at Server.listen (net.js:1454:7)\n    at Function.listen (/Users/ashish.saini/EV-Board/ideaboards-backend/node_modules/express/lib/application.js:635:24)\n    at Object.<anonymous> (/Users/ashish.saini/EV-Board/ideaboards-backend/build/index.js:39:5)\n    at Module._compile (internal/modules/cjs/loader.js:1072:14)\n    at Object.Module._extensions..js (internal/modules/cjs/loader.js:1101:10)\n    at Module.load (internal/modules/cjs/loader.js:937:32)\n    at Function.Module._load (internal/modules/cjs/loader.js:778:12)\n    at Function.executeUserEntryPoint [as runMain] (internal/modules/run_main.js:76:12)\n    at internal/main/run_main_module.js:17:47","timestamp":"2022-10-13T05:47:42.971Z","trace":[{"column":16,"file":"net.js","function":"Server.setupListenHandle [as _listen2]","line":1320,"method":"setupListenHandle [as _listen2]","native":false},{"column":12,"file":"net.js","function":"listenInCluster","line":1368,"method":null,"native":false},{"column":7,"file":"net.js","function":"Server.listen","line":1454,"method":"listen","native":false},{"column":24,"file":"/Users/ashish.saini/EV-Board/ideaboards-backend/node_modules/express/lib/application.js","function":"Function.listen","line":635,"method":"listen","native":false},{"column":5,"file":"/Users/ashish.saini/EV-Board/ideaboards-backend/build/index.js","function":null,"line":39,"method":null,"native":false},{"column":14,"file":"internal/modules/cjs/loader.js","function":"Module._compile","line":1072,"method":"_compile","native":false},{"column":10,"file":"internal/modules/cjs/loader.js","function":"Module._extensions..js","line":1101,"method":".js","native":false},{"column":32,"file":"internal/modules/cjs/loader.js","function":"Module.load","line":937,"method":"load","native":false},{"column":12,"file":"internal/modules/cjs/loader.js","function":"Module._load","line":778,"method":"_load","native":false},{"column":12,"file":"internal/modules/run_main.js","function":"Function.executeUserEntryPoint [as runMain]","line":76,"method":"executeUserEntryPoint [as runMain]","native":false},{"column":47,"file":"internal/main/run_main_module.js","function":null,"line":17,"method":null,"native":false}]}
error: 
    status - 500 
    message - ValidationError: "firstname" is required 
    url - /api/v1/users/register 
    method - POST 
    IP - ::ffff:127.0.0.1
   {"timestamp":"2022-10-13T09:57:28.232Z"}
error: 
      status - 400
      message - Authorization token is required 
      url - /api/v1/boards/newboard 
      method - POST 
      IP - ::ffff:127.0.0.1
     {"timestamp":"2022-10-14T04:12:53.457Z"}
error: 
    status - 500 
    message - ValidationError: "lastname" is required 
    url - /api/v1/users/register 
    method - POST 
    IP - ::ffff:127.0.0.1
   {"timestamp":"2022-10-14T04:17:49.032Z"}
error: 
    status - 500 
    message - ValidationError: "email" must be a valid email 
    url - /api/v1/users/register 
    method - POST 
    IP - ::ffff:127.0.0.1
   {"timestamp":"2022-10-14T04:17:56.830Z"}
error: 
    status - 500 
    message - ValidationError: "firstname" is required 
    url - /api/v1/users/register 
    method - POST 
    IP - ::ffff:127.0.0.1
   {"timestamp":"2022-10-14T04:18:20.448Z"}
error: 
      status - 400
      message - Authorization token is required 
      url - /api/v1/boards/getAllBoard 
      method - GET 
      IP - ::ffff:127.0.0.1
     {"timestamp":"2022-10-14T04:18:59.802Z"}
error: 
    status - 500 
    message - ReferenceError: Note is not defined
    at _callee$ (/Users/ashish.saini/EV-Board/ideaboards-backend/build/services/board.service.js:20:13)
    at tryCatch (/Users/ashish.saini/EV-Board/ideaboards-backend/node_modules/@babel/runtime/helpers/regeneratorRuntime.js:72:17)
    at Generator._invoke (/Users/ashish.saini/EV-Board/ideaboards-backend/node_modules/@babel/runtime/helpers/regeneratorRuntime.js:55:24)
    at Generator.next (/Users/ashish.saini/EV-Board/ideaboards-backend/node_modules/@babel/runtime/helpers/regeneratorRuntime.js:97:21)
    at asyncGeneratorStep (/Users/ashish.saini/EV-Board/ideaboards-backend/node_modules/@babel/runtime/helpers/asyncToGenerator.js:3:24)
    at _next (/Users/ashish.saini/EV-Board/ideaboards-backend/node_modules/@babel/runtime/helpers/asyncToGenerator.js:22:9)
    at /Users/ashish.saini/EV-Board/ideaboards-backend/node_modules/@babel/runtime/helpers/asyncToGenerator.js:27:7
    at new Promise (<anonymous>)
    at Object.<anonymous> (/Users/ashish.saini/EV-Board/ideaboards-backend/node_modules/@babel/runtime/helpers/asyncToGenerator.js:19:12)
    at Object.getAllBoard (/Users/ashish.saini/EV-Board/ideaboards-backend/build/services/board.service.js:40:17)
    at _callee$ (/Users/ashish.saini/EV-Board/ideaboards-backend/build/controllers/board.controller.js:30:32)
    at tryCatch (/Users/ashish.saini/EV-Board/ideaboards-backend/node_modules/@babel/runtime/helpers/regeneratorRuntime.js:72:17)
    at Generator._invoke (/Users/ashish.saini/EV-Board/ideaboards-backend/node_modules/@babel/runtime/helpers/regeneratorRuntime.js:55:24)
    at Generator.next (/Users/ashish.saini/EV-Board/ideaboards-backend/node_modules/@babel/runtime/helpers/regeneratorRuntime.js:97:21)
    at asyncGeneratorStep (/Users/ashish.saini/EV-Board/ideaboards-backend/node_modules/@babel/runtime/helpers/asyncToGenerator.js:3:24)
    at _next (/Users/ashish.saini/EV-Board/ideaboards-backend/node_modules/@babel/runtime/helpers/asyncToGenerator.js:22:9) 
    url - /api/v1/boards/getAllBoard 
    method - GET 
    IP - ::ffff:127.0.0.1
   {"timestamp":"2022-10-14T04:28:48.138Z"}
error: 
    status - 500 
    message - ReferenceError: Note is not defined
    at _callee$ (/Users/ashish.saini/EV-Board/ideaboards-backend/build/services/board.service.js:20:13)
    at tryCatch (/Users/ashish.saini/EV-Board/ideaboards-backend/node_modules/@babel/runtime/helpers/regeneratorRuntime.js:72:17)
    at Generator._invoke (/Users/ashish.saini/EV-Board/ideaboards-backend/node_modules/@babel/runtime/helpers/regeneratorRuntime.js:55:24)
    at Generator.next (/Users/ashish.saini/EV-Board/ideaboards-backend/node_modules/@babel/runtime/helpers/regeneratorRuntime.js:97:21)
    at asyncGeneratorStep (/Users/ashish.saini/EV-Board/ideaboards-backend/node_modules/@babel/runtime/helpers/asyncToGenerator.js:3:24)
    at _next (/Users/ashish.saini/EV-Board/ideaboards-backend/node_modules/@babel/runtime/helpers/asyncToGenerator.js:22:9)
    at /Users/ashish.saini/EV-Board/ideaboards-backend/node_modules/@babel/runtime/helpers/asyncToGenerator.js:27:7
    at new Promise (<anonymous>)
    at Object.<anonymous> (/Users/ashish.saini/EV-Board/ideaboards-backend/node_modules/@babel/runtime/helpers/asyncToGenerator.js:19:12)
    at Object.getAllBoard (/Users/ashish.saini/EV-Board/ideaboards-backend/build/services/board.service.js:40:17)
    at _callee$ (/Users/ashish.saini/EV-Board/ideaboards-backend/build/controllers/board.controller.js:30:32)
    at tryCatch (/Users/ashish.saini/EV-Board/ideaboards-backend/node_modules/@babel/runtime/helpers/regeneratorRuntime.js:72:17)
    at Generator._invoke (/Users/ashish.saini/EV-Board/ideaboards-backend/node_modules/@babel/runtime/helpers/regeneratorRuntime.js:55:24)
    at Generator.next (/Users/ashish.saini/EV-Board/ideaboards-backend/node_modules/@babel/runtime/helpers/regeneratorRuntime.js:97:21)
    at asyncGeneratorStep (/Users/ashish.saini/EV-Board/ideaboards-backend/node_modules/@babel/runtime/helpers/asyncToGenerator.js:3:24)
    at _next (/Users/ashish.saini/EV-Board/ideaboards-backend/node_modules/@babel/runtime/helpers/asyncToGenerator.js:22:9) 
    url - /api/v1/boards/getAllBoard 
    method - GET 
    IP - ::ffff:127.0.0.1
   {"timestamp":"2022-10-14T04:29:35.374Z"}
error: 
    status - 500 
    message - TypeError: Cannot read property 'userid' of undefined
    at _callee$ (/Users/ashish.saini/EV-Board/ideaboards-backend/build/services/board.service.js:21:28)
    at tryCatch (/Users/ashish.saini/EV-Board/ideaboards-backend/node_modules/@babel/runtime/helpers/regeneratorRuntime.js:72:17)
    at Generator._invoke (/Users/ashish.saini/EV-Board/ideaboards-backend/node_modules/@babel/runtime/helpers/regeneratorRuntime.js:55:24)
    at Generator.next (/Users/ashish.saini/EV-Board/ideaboards-backend/node_modules/@babel/runtime/helpers/regeneratorRuntime.js:97:21)
    at asyncGeneratorStep (/Users/ashish.saini/EV-Board/ideaboards-backend/node_modules/@babel/runtime/helpers/asyncToGenerator.js:3:24)
    at _next (/Users/ashish.saini/EV-Board/ideaboards-backend/node_modules/@babel/runtime/helpers/asyncToGenerator.js:22:9)
    at /Users/ashish.saini/EV-Board/ideaboards-backend/node_modules/@babel/runtime/helpers/asyncToGenerator.js:27:7
    at new Promise (<anonymous>)
    at Object.<anonymous> (/Users/ashish.saini/EV-Board/ideaboards-backend/node_modules/@babel/runtime/helpers/asyncToGenerator.js:19:12)
    at Object.getAllBoard (/Users/ashish.saini/EV-Board/ideaboards-backend/build/services/board.service.js:40:17)
    at _callee$ (/Users/ashish.saini/EV-Board/ideaboards-backend/build/controllers/board.controller.js:30:32)
    at tryCatch (/Users/ashish.saini/EV-Board/ideaboards-backend/node_modules/@babel/runtime/helpers/regeneratorRuntime.js:72:17)
    at Generator._invoke (/Users/ashish.saini/EV-Board/ideaboards-backend/node_modules/@babel/runtime/helpers/regeneratorRuntime.js:55:24)
    at Generator.next (/Users/ashish.saini/EV-Board/ideaboards-backend/node_modules/@babel/runtime/helpers/regeneratorRuntime.js:97:21)
    at asyncGeneratorStep (/Users/ashish.saini/EV-Board/ideaboards-backend/node_modules/@babel/runtime/helpers/asyncToGenerator.js:3:24)
    at _next (/Users/ashish.saini/EV-Board/ideaboards-backend/node_modules/@babel/runtime/helpers/asyncToGenerator.js:22:9) 
    url - /api/v1/boards/getAllBoard 
    method - GET 
    IP - ::ffff:127.0.0.1
   {"timestamp":"2022-10-14T04:30:31.419Z"}
error: 
    status - 500 
    message - TypeError: Cannot read property 'userid' of undefined
    at _callee$ (/Users/ashish.saini/EV-Board/ideaboards-backend/build/services/board.service.js:21:28)
    at tryCatch (/Users/ashish.saini/EV-Board/ideaboards-backend/node_modules/@babel/runtime/helpers/regeneratorRuntime.js:72:17)
    at Generator._invoke (/Users/ashish.saini/EV-Board/ideaboards-backend/node_modules/@babel/runtime/helpers/regeneratorRuntime.js:55:24)
    at Generator.next (/Users/ashish.saini/EV-Board/ideaboards-backend/node_modules/@babel/runtime/helpers/regeneratorRuntime.js:97:21)
    at asyncGeneratorStep (/Users/ashish.saini/EV-Board/ideaboards-backend/node_modules/@babel/runtime/helpers/asyncToGenerator.js:3:24)
    at _next (/Users/ashish.saini/EV-Board/ideaboards-backend/node_modules/@babel/runtime/helpers/asyncToGenerator.js:22:9)
    at /Users/ashish.saini/EV-Board/ideaboards-backend/node_modules/@babel/runtime/helpers/asyncToGenerator.js:27:7
    at new Promise (<anonymous>)
    at Object.<anonymous> (/Users/ashish.saini/EV-Board/ideaboards-backend/node_modules/@babel/runtime/helpers/asyncToGenerator.js:19:12)
    at Object.getAllBoard (/Users/ashish.saini/EV-Board/ideaboards-backend/build/services/board.service.js:40:17)
    at _callee$ (/Users/ashish.saini/EV-Board/ideaboards-backend/build/controllers/board.controller.js:30:32)
    at tryCatch (/Users/ashish.saini/EV-Board/ideaboards-backend/node_modules/@babel/runtime/helpers/regeneratorRuntime.js:72:17)
    at Generator._invoke (/Users/ashish.saini/EV-Board/ideaboards-backend/node_modules/@babel/runtime/helpers/regeneratorRuntime.js:55:24)
    at Generator.next (/Users/ashish.saini/EV-Board/ideaboards-backend/node_modules/@babel/runtime/helpers/regeneratorRuntime.js:97:21)
    at asyncGeneratorStep (/Users/ashish.saini/EV-Board/ideaboards-backend/node_modules/@babel/runtime/helpers/asyncToGenerator.js:3:24)
    at _next (/Users/ashish.saini/EV-Board/ideaboards-backend/node_modules/@babel/runtime/helpers/asyncToGenerator.js:22:9) 
    url - /api/v1/boards/getAllBoard 
    method - GET 
    IP - ::ffff:127.0.0.1
   {"timestamp":"2022-10-14T04:32:16.964Z"}
error: 
    status - 500 
    message - TypeError: Cannot read property 'userid' of undefined
    at _callee$ (/Users/ashish.saini/EV-Board/ideaboards-backend/build/services/board.service.js:21:28)
    at tryCatch (/Users/ashish.saini/EV-Board/ideaboards-backend/node_modules/@babel/runtime/helpers/regeneratorRuntime.js:72:17)
    at Generator._invoke (/Users/ashish.saini/EV-Board/ideaboards-backend/node_modules/@babel/runtime/helpers/regeneratorRuntime.js:55:24)
    at Generator.next (/Users/ashish.saini/EV-Board/ideaboards-backend/node_modules/@babel/runtime/helpers/regeneratorRuntime.js:97:21)
    at asyncGeneratorStep (/Users/ashish.saini/EV-Board/ideaboards-backend/node_modules/@babel/runtime/helpers/asyncToGenerator.js:3:24)
    at _next (/Users/ashish.saini/EV-Board/ideaboards-backend/node_modules/@babel/runtime/helpers/asyncToGenerator.js:22:9)
    at /Users/ashish.saini/EV-Board/ideaboards-backend/node_modules/@babel/runtime/helpers/asyncToGenerator.js:27:7
    at new Promise (<anonymous>)
    at Object.<anonymous> (/Users/ashish.saini/EV-Board/ideaboards-backend/node_modules/@babel/runtime/helpers/asyncToGenerator.js:19:12)
    at Object.getAllBoard (/Users/ashish.saini/EV-Board/ideaboards-backend/build/services/board.service.js:40:17)
    at _callee$ (/Users/ashish.saini/EV-Board/ideaboards-backend/build/controllers/board.controller.js:30:32)
    at tryCatch (/Users/ashish.saini/EV-Board/ideaboards-backend/node_modules/@babel/runtime/helpers/regeneratorRuntime.js:72:17)
    at Generator._invoke (/Users/ashish.saini/EV-Board/ideaboards-backend/node_modules/@babel/runtime/helpers/regeneratorRuntime.js:55:24)
    at Generator.next (/Users/ashish.saini/EV-Board/ideaboards-backend/node_modules/@babel/runtime/helpers/regeneratorRuntime.js:97:21)
    at asyncGeneratorStep (/Users/ashish.saini/EV-Board/ideaboards-backend/node_modules/@babel/runtime/helpers/asyncToGenerator.js:3:24)
    at _next (/Users/ashish.saini/EV-Board/ideaboards-backend/node_modules/@babel/runtime/helpers/asyncToGenerator.js:22:9) 
    url - /api/v1/boards/getAllBoard 
    method - GET 
    IP - ::ffff:127.0.0.1
   {"timestamp":"2022-10-14T04:33:29.844Z"}
error: 
    status - 500 
    message - TypeError: Cannot read property 'userid' of undefined
    at _callee$ (/Users/ashish.saini/EV-Board/ideaboards-backend/build/services/board.service.js:21:28)
    at tryCatch (/Users/ashish.saini/EV-Board/ideaboards-backend/node_modules/@babel/runtime/helpers/regeneratorRuntime.js:72:17)
    at Generator._invoke (/Users/ashish.saini/EV-Board/ideaboards-backend/node_modules/@babel/runtime/helpers/regeneratorRuntime.js:55:24)
    at Generator.next (/Users/ashish.saini/EV-Board/ideaboards-backend/node_modules/@babel/runtime/helpers/regeneratorRuntime.js:97:21)
    at asyncGeneratorStep (/Users/ashish.saini/EV-Board/ideaboards-backend/node_modules/@babel/runtime/helpers/asyncToGenerator.js:3:24)
    at _next (/Users/ashish.saini/EV-Board/ideaboards-backend/node_modules/@babel/runtime/helpers/asyncToGenerator.js:22:9)
    at /Users/ashish.saini/EV-Board/ideaboards-backend/node_modules/@babel/runtime/helpers/asyncToGenerator.js:27:7
    at new Promise (<anonymous>)
    at Object.<anonymous> (/Users/ashish.saini/EV-Board/ideaboards-backend/node_modules/@babel/runtime/helpers/asyncToGenerator.js:19:12)
    at Object.getAllBoard (/Users/ashish.saini/EV-Board/ideaboards-backend/build/services/board.service.js:40:17)
    at _callee$ (/Users/ashish.saini/EV-Board/ideaboards-backend/build/controllers/board.controller.js:30:32)
    at tryCatch (/Users/ashish.saini/EV-Board/ideaboards-backend/node_modules/@babel/runtime/helpers/regeneratorRuntime.js:72:17)
    at Generator._invoke (/Users/ashish.saini/EV-Board/ideaboards-backend/node_modules/@babel/runtime/helpers/regeneratorRuntime.js:55:24)
    at Generator.next (/Users/ashish.saini/EV-Board/ideaboards-backend/node_modules/@babel/runtime/helpers/regeneratorRuntime.js:97:21)
    at asyncGeneratorStep (/Users/ashish.saini/EV-Board/ideaboards-backend/node_modules/@babel/runtime/helpers/asyncToGenerator.js:3:24)
    at _next (/Users/ashish.saini/EV-Board/ideaboards-backend/node_modules/@babel/runtime/helpers/asyncToGenerator.js:22:9) 
    url - /api/v1/boards/getAllBoard 
    method - GET 
    IP - ::ffff:127.0.0.1
   {"timestamp":"2022-10-14T04:36:01.725Z"}
